<?xml version="1.0" encoding="UTF-8"?>
<testng-results ignored="0" total="1" passed="1" failed="0" skipped="0">
  <reporter-output>
  </reporter-output>
  <suite started-at="2025-11-08T23:57:40 IST" name="Surefire suite" finished-at="2025-11-08T23:58:42 IST" duration-ms="61623">
    <groups>
    </groups>
    <test started-at="2025-11-08T23:57:40 IST" name="Surefire test" finished-at="2025-11-08T23:58:42 IST" duration-ms="61623">
      <class name="ai.tests.FlightSearchTest">
        <test-method is-config="true" signature="setUp()[pri:0, instance:ai.tests.FlightSearchTest@3c22fc4c]" started-at="2025-11-08T23:57:40 IST" name="setUp" finished-at="2025-11-08T23:57:45 IST" duration-ms="5519" status="PASS">
          <reporter-output>
          </reporter-output>
        </test-method> <!-- setUp -->
        <test-method signature="testFlightSearch()[pri:0, instance:ai.tests.FlightSearchTest@3c22fc4c]" started-at="2025-11-08T23:57:46 IST" name="testFlightSearch" finished-at="2025-11-08T23:58:41 IST" duration-ms="55434" status="PASS">
          <reporter-output>
          </reporter-output>
        </test-method> <!-- testFlightSearch -->
        <test-method is-config="true" signature="tearDown()[pri:0, instance:ai.tests.FlightSearchTest@3c22fc4c]" started-at="2025-11-08T23:58:41 IST" name="tearDown" finished-at="2025-11-08T23:58:42 IST" duration-ms="590" status="PASS">
          <reporter-output>
          </reporter-output>
        </test-method> <!-- tearDown -->
      </class> <!-- ai.tests.FlightSearchTest -->
    </test> <!-- Surefire test -->
  </suite> <!-- Surefire suite -->
</testng-results>
